# JRE version: OpenJDK Runtime Environment 18.9 (11.0.15+10) (build 11.0.15+10)
# Java VM: OpenJDK 64-Bit Server VM 18.9 (11.0.15+10, mixed mode, tiered, compressed oops, g1 gc, windows-amd64)
Heap:
 garbage-first heap   total 122880K, used 90056K [0x0000000080000000, 0x0000000100000000)
  region size 1024K, 4 young (4096K), 1 survivors (1024K)
 Metaspace       used 98896K, capacity 101790K, committed 102024K, reserved 604160K
  class space    used 12926K, capacity 14081K, committed 14208K, reserved 516096K
GC Heap History (20 events):
Event: 37.965 GC heap before
{Heap before GC invocations=35 (full 0):
 garbage-first heap   total 122880K, used 102055K [0x0000000080000000, 0x0000000100000000)
  region size 1024K, 25 young (25600K), 4 survivors (4096K)
 Metaspace       used 90757K, capacity 93236K, committed 93320K, reserved 598016K
  class space    used 11863K, capacity 12903K, committed 12928K, reserved 516096K
}
Event: 37.970 GC heap after
{Heap after GC invocations=36 (full 0):
 garbage-first heap   total 122880K, used 81972K [0x0000000080000000, 0x0000000100000000)
  region size 1024K, 3 young (3072K), 3 survivors (3072K)
 Metaspace       used 90757K, capacity 93236K, committed 93320K, reserved 598016K
  class space    used 11863K, capacity 12903K, committed 12928K, reserved 516096K
}
Event: 38.368 GC heap before
{Heap before GC invocations=36 (full 0):
 garbage-first heap   total 122880K, used 102452K [0x0000000080000000, 0x0000000100000000)
  region size 1024K, 23 young (23552K), 3 survivors (3072K)
 Metaspace       used 92005K, capacity 94611K, committed 94856K, reserved 598016K
  class space    used 12047K, capacity 13095K, committed 13184K, reserved 516096K
}
Event: 38.378 GC heap after
{Heap after GC invocations=37 (full 0):
 garbage-first heap   total 122880K, used 83593K [0x0000000080000000, 0x0000000100000000)
  region size 1024K, 3 young (3072K), 3 survivors (3072K)
 Metaspace       used 92005K, capacity 94611K, committed 94856K, reserved 598016K
  class space    used 12047K, capacity 13095K, committed 13184K, reserved 516096K
}
Event: 38.769 GC heap before
{Heap before GC invocations=38 (full 0):
 garbage-first heap   total 122880K, used 104073K [0x0000000080000000, 0x0000000100000000)
  region size 1024K, 23 young (23552K), 3 survivors (3072K)
 Metaspace       used 93105K, capacity 95732K, committed 96008K, reserved 600064K
  class space    used 12224K, capacity 13287K, committed 13312K, reserved 516096K
}
Event: 38.774 GC heap after
{Heap after GC invocations=39 (full 0):
 garbage-first heap   total 122880K, used 84771K [0x0000000080000000, 0x0000000100000000)
  region size 1024K, 2 young (2048K), 2 survivors (2048K)
 Metaspace       used 93105K, capacity 95732K, committed 96008K, reserved 600064K
  class space    used 12224K, capacity 13287K, committed 13312K, reserved 516096K
}
Event: 39.200 GC heap before
{Heap before GC invocations=39 (full 0):
 garbage-first heap   total 122880K, used 104227K [0x0000000080000000, 0x0000000100000000)
  region size 1024K, 21 young (21504K), 2 survivors (2048K)
 Metaspace       used 94330K, capacity 97016K, committed 97288K, reserved 600064K
  class space    used 12390K, capacity 13455K, committed 13568K, reserved 516096K
}
Event: 39.204 GC heap after
{Heap after GC invocations=40 (full 0):
 garbage-first heap   total 122880K, used 85644K [0x0000000080000000, 0x0000000100000000)
  region size 1024K, 3 young (3072K), 3 survivors (3072K)
 Metaspace       used 94330K, capacity 97016K, committed 97288K, reserved 600064K
  class space    used 12390K, capacity 13455K, committed 13568K, reserved 516096K
}
Event: 39.525 GC heap before
{Heap before GC invocations=41 (full 0):
 garbage-first heap   total 122880K, used 105100K [0x0000000080000000, 0x0000000100000000)
  region size 1024K, 22 young (22528K), 3 survivors (3072K)
 Metaspace       used 95498K, capacity 98207K, committed 98440K, reserved 602112K
  class space    used 12550K, capacity 13652K, committed 13696K, reserved 516096K
}
Event: 39.529 GC heap after
{Heap after GC invocations=42 (full 0):
 garbage-first heap   total 122880K, used 86974K [0x0000000080000000, 0x0000000100000000)
  region size 1024K, 3 young (3072K), 3 survivors (3072K)
 Metaspace       used 95498K, capacity 98207K, committed 98440K, reserved 602112K
  class space    used 12550K, capacity 13652K, committed 13696K, reserved 516096K
}
Event: 40.181 GC heap before
{Heap before GC invocations=42 (full 0):
 garbage-first heap   total 122880K, used 105406K [0x0000000080000000, 0x0000000100000000)
  region size 1024K, 21 young (21504K), 3 survivors (3072K)
 Metaspace       used 97033K, capacity 99706K, committed 99976K, reserved 604160K
  class space    used 12730K, capacity 13828K, committed 13952K, reserved 516096K
}
Event: 40.185 GC heap after
{Heap after GC invocations=43 (full 0):
 garbage-first heap   total 122880K, used 88268K [0x0000000080000000, 0x0000000100000000)
  region size 1024K, 3 young (3072K), 3 survivors (3072K)
 Metaspace       used 97033K, capacity 99706K, committed 99976K, reserved 604160K
  class space    used 12730K, capacity 13828K, committed 13952K, reserved 516096K
}
Event: 49.206 GC heap before
{Heap before GC invocations=44 (full 0):
 garbage-first heap   total 122880K, used 105676K [0x0000000080000000, 0x0000000100000000)
  region size 1024K, 20 young (20480K), 3 survivors (3072K)
 Metaspace       used 98012K, capacity 100847K, committed 101128K, reserved 604160K
  class space    used 12868K, capacity 14002K, committed 14080K, reserved 516096K
}
Event: 49.213 GC heap after
{Heap after GC invocations=45 (full 0):
 garbage-first heap   total 122880K, used 90127K [0x0000000080000000, 0x0000000100000000)
  region size 1024K, 3 young (3072K), 3 survivors (3072K)
 Metaspace       used 98012K, capacity 100847K, committed 101128K, reserved 604160K
  class space    used 12868K, capacity 14002K, committed 14080K, reserved 516096K
}
Event: 49.471 GC heap before
{Heap before GC invocations=45 (full 0):
 garbage-first heap   total 122880K, used 105487K [0x0000000080000000, 0x0000000100000000)
  region size 1024K, 18 young (18432K), 3 survivors (3072K)
 Metaspace       used 98257K, capacity 101067K, committed 101128K, reserved 604160K
  class space    used 12883K, capacity 14061K, committed 14080K, reserved 516096K
}
Event: 49.485 GC heap after
{Heap after GC invocations=46 (full 0):
 garbage-first heap   total 122880K, used 91627K [0x0000000080000000, 0x0000000100000000)
  region size 1024K, 2 young (2048K), 2 survivors (2048K)
 Metaspace       used 98257K, capacity 101067K, committed 101128K, reserved 604160K
  class space    used 12883K, capacity 14061K, committed 14080K, reserved 516096K
}
Event: 50.129 GC heap before
{Heap before GC invocations=47 (full 0):
 garbage-first heap   total 122880K, used 104939K [0x0000000080000000, 0x0000000100000000)
  region size 1024K, 15 young (15360K), 2 survivors (2048K)
 Metaspace       used 98488K, capacity 101311K, committed 101384K, reserved 604160K
  class space    used 12886K, capacity 14066K, committed 14080K, reserved 516096K
}
Event: 50.134 GC heap after
{Heap after GC invocations=48 (full 0):
 garbage-first heap   total 122880K, used 93530K [0x0000000080000000, 0x0000000100000000)
  region size 1024K, 2 young (2048K), 2 survivors (2048K)
 Metaspace       used 98488K, capacity 101311K, committed 101384K, reserved 604160K
  class space    used 12886K, capacity 14066K, committed 14080K, reserved 516096K
}
Event: 50.268 GC heap before
{Heap before GC invocations=48 (full 0):
 garbage-first heap   total 122880K, used 96602K [0x0000000080000000, 0x0000000100000000)
  region size 1024K, 6 young (6144K), 2 survivors (2048K)
 Metaspace       used 98564K, capacity 101452K, committed 101640K, reserved 604160K
  class space    used 12886K, capacity 14066K, committed 14080K, reserved 516096K
}
Event: 50.279 GC heap after
{Heap after GC invocations=49 (full 0):
 garbage-first heap   total 122880K, used 88008K [0x0000000080000000, 0x0000000100000000)
  region size 1024K, 1 young (1024K), 1 survivors (1024K)
 Metaspace       used 98564K, capacity 101452K, committed 101640K, reserved 604160K
  class space    used 12886K, capacity 14066K, committed 14080K, reserved 516096K
}

